<?xml version="1.0" encoding="UTF-8"?>
<!-- Generated by org.testng.reporters.JUnitReportReporter -->
<testsuite hostname="DESKTOP-TMMCH4R" failures="0" tests="3" name="SampleTests.dynamicJson" time="3.128" errors="0" timestamp="2025-12-10T10:45:06 IST" skipped="0">
  <testcase classname="SampleTests.dynamicJson" name="AddBook" time="2.434"/>
  <testcase classname="SampleTests.dynamicJson" name="AddBook" time="0.330"/>
  <testcase classname="SampleTests.dynamicJson" name="AddBook" time="0.364"/>
</testsuite> <!-- SampleTests.dynamicJson -->
